<?xml version="1.0" encoding="UTF-8"?>
<testng-results skipped="0" failed="0" ignored="0" total="1" passed="1">
  <reporter-output>
  </reporter-output>
  <suite name="runner.RunnerTest" duration-ms="1394" started-at="2017-11-09T10:28:37Z" finished-at="2017-11-09T10:28:38Z">
    <groups>
      <group name="cucumber">
        <method signature="AbstractTestNGCucumberTests.feature(cucumber.api.testng.CucumberFeatureWrapper)[pri:0, instance:runner.RunnerTest@3551a94]" name="feature" class="cucumber.api.testng.AbstractTestNGCucumberTests"/>
      </group> <!-- cucumber -->
    </groups>
    <test name="Command line test" duration-ms="1394" started-at="2017-11-09T10:28:37Z" finished-at="2017-11-09T10:28:38Z">
      <class name="runner.RunnerTest">
        <test-method status="PASS" signature="setUpClass()[pri:0, instance:runner.RunnerTest@3551a94]" name="setUpClass" is-config="true" duration-ms="286" started-at="2017-11-09T15:58:37Z" finished-at="2017-11-09T15:58:37Z">
          <reporter-output>
          </reporter-output>
        </test-method> <!-- setUpClass -->
        <test-method status="PASS" signature="feature(cucumber.api.testng.CucumberFeatureWrapper)[pri:0, instance:runner.RunnerTest@3551a94]" name="feature" duration-ms="832" started-at="2017-11-09T15:58:37Z" description="Runs Cucumber Feature" data-provider="features" finished-at="2017-11-09T15:58:38Z">
          <params>
            <param index="0">
              <value>
                <![CDATA[Cash Withdrawal]]>
              </value>
            </param>
          </params>
          <reporter-output>
          </reporter-output>
        </test-method> <!-- feature -->
        <test-method status="PASS" signature="tearDownClass()[pri:0, instance:runner.RunnerTest@3551a94]" name="tearDownClass" is-config="true" duration-ms="6" started-at="2017-11-09T15:58:38Z" finished-at="2017-11-09T15:58:38Z">
          <reporter-output>
          </reporter-output>
        </test-method> <!-- tearDownClass -->
      </class> <!-- runner.RunnerTest -->
    </test> <!-- Command line test -->
  </suite> <!-- runner.RunnerTest -->
</testng-results>
